--progress is a global compose flag, better use `docker compose --progress xx build ...
time="2025-12-19T01:38:27+09:00" level=warning msg="C:\\Users\\kouno\\Desktop\\Projects\\investidabh\\docker-compose.yml: the attribute `version` is obsolete, it will be ignored, please remove it to avoid potential confusion"
#1 [internal] load local bake definitions
#1 reading from stdin 604B 0.0s done
#1 DONE 0.0s

#2 [internal] load build definition from Dockerfile
#2 transferring dockerfile: 685B done
#2 DONE 0.0s

#3 [internal] load metadata for docker.io/library/node:18-alpine
#3 DONE 0.7s

#4 [internal] load .dockerignore
#4 transferring context: 278B done
#4 DONE 0.0s

#5 [ 1/10] FROM docker.io/library/node:18-alpine@sha256:8d6421d663b4c28fd3ebc498332f249011d118945588d0a35cb9bc4b8ca09d9e
#5 resolve docker.io/library/node:18-alpine@sha256:8d6421d663b4c28fd3ebc498332f249011d118945588d0a35cb9bc4b8ca09d9e 0.0s done
#5 DONE 0.0s

#6 [ 2/10] WORKDIR /app
#6 CACHED

#7 [internal] load build context
#7 transferring context: 925B done
#7 DONE 0.0s

#8 [ 3/10] RUN npm install -g pnpm
#8 2.052 
#8 2.052 added 1 package in 2s
#8 2.052 
#8 2.052 1 package is looking for funding
#8 2.052   run `npm fund` for details
#8 2.055 npm notice
#8 2.055 npm notice New major version of npm available! 10.8.2 -> 11.7.0
#8 2.055 npm notice Changelog: https://github.com/npm/cli/releases/tag/v11.7.0
#8 2.055 npm notice To update run: npm install -g npm@11.7.0
#8 2.055 npm notice
#8 DONE 2.1s

#9 [ 4/10] COPY package.json pnpm-workspace.yaml tsconfig.base.json ./
#9 DONE 0.1s

#10 [ 5/10] COPY packages ./packages
#10 DONE 0.1s

#11 [ 6/10] COPY backend/gateway ./backend/gateway
#11 DONE 0.1s

#12 [ 7/10] RUN pnpm install
#12 0.723 Scope: all 4 workspace projects
#12 1.097 Progress: resolved 1, reused 0, downloaded 0, added 0
#12 1.202 backend/gateway                          |  WARN  deprecated minio@7.1.4
#12 1.581  WARN  deprecated eslint@8.57.1: This version is no longer supported. Please see https://eslint.org/version-support for other options.
#12 2.106 Progress: resolved 23, reused 0, downloaded 22, added 0
#12 3.117 Progress: resolved 183, reused 0, downloaded 160, added 0
#12 4.117 Progress: resolved 372, reused 0, downloaded 354, added 0
#12 4.247  WARN  5 deprecated subdependencies found: @humanwhocodes/config-array@0.13.0, @humanwhocodes/object-schema@2.0.3, glob@7.2.3, inflight@1.0.6, rimraf@3.0.2
#12 4.256 Packages: +356
#12 4.256 ++++++++++++++++++++++++++++++++++++++++++++++++++++++++++++++++++++++++++++++++
#12 4.794 Progress: resolved 378, reused 0, downloaded 356, added 356, done
#12 5.013 
#12 5.013 devDependencies:
#12 5.013 + eslint 8.57.1 (9.39.2 is available) deprecated
#12 5.013 + prettier 3.7.4
#12 5.013 
#12 5.017 ╭ Warning ─────────────────────────────────────────────────────────────────────╮
#12 5.017 │                                                                              │
#12 5.017 │   Ignored build scripts: esbuild@0.18.20.                                    │
#12 5.017 │   Run "pnpm approve-builds" to pick which dependencies should be allowed     │
#12 5.017 │   to run scripts.                                                            │
#12 5.017 │                                                                              │
#12 5.017 ╰──────────────────────────────────────────────────────────────────────────────╯
#12 5.091 Done in 4.8s using pnpm v10.26.0
#12 DONE 5.5s

#13 [ 8/10] RUN pnpm --filter @investidubh/ts-types build
#13 0.874 
#13 0.874 > @investidubh/ts-types@0.1.0 build /app/packages/ts-types
#13 0.874 > tsc
#13 0.874 
#13 DONE 2.0s

#14 [ 9/10] RUN pnpm --filter @investidubh/logger build
#14 0.721 
#14 0.721 > @investidubh/logger@0.1.0 build /app/packages/logger
#14 0.721 > tsc
#14 0.721 
#14 1.887 src/index.ts(4,12): error TS2349: This expression is not callable.
#14 1.887   Type 'typeof import("/app/node_modules/.pnpm/pino@8.21.0/node_modules/pino/pino")' has no call signatures.
#14 1.888 src/index.ts(9,21): error TS7006: Parameter 'label' implicitly has an 'any' type.
#14 1.932 /app/packages/logger:
#14 1.932  ERR_PNPM_RECURSIVE_RUN_FIRST_FAIL  @investidubh/logger@0.1.0 build: `tsc`
#14 1.932 Exit status 2
#14 ERROR: process "/bin/sh -c pnpm --filter @investidubh/logger build" did not complete successfully: exit code: 2
------
 > [ 9/10] RUN pnpm --filter @investidubh/logger build:
0.721 
0.721 > @investidubh/logger@0.1.0 build /app/packages/logger
0.721 > tsc
0.721 
1.887 src/index.ts(4,12): error TS2349: This expression is not callable.
1.887   Type 'typeof import("/app/node_modules/.pnpm/pino@8.21.0/node_modules/pino/pino")' has no call signatures.
1.888 src/index.ts(9,21): error TS7006: Parameter 'label' implicitly has an 'any' type.
1.932 /app/packages/logger:
1.932  ERR_PNPM_RECURSIVE_RUN_FIRST_FAIL  @investidubh/logger@0.1.0 build: `tsc`
1.932 Exit status 2
------
Dockerfile:24

--------------------

  22 |     # Build shared packages only

  23 |     RUN pnpm --filter @investidubh/ts-types build

  24 | >>> RUN pnpm --filter @investidubh/logger build

  25 |     

  26 |     # Use dev mode (tsx) to bypass TypeScript compilation issues

--------------------

failed to solve: process "/bin/sh -c pnpm --filter @investidubh/logger build" did not complete successfully: exit code: 2

